2026-05-09 14:10:46,839 - INFO -  Login attempt initiated for user: ronald@gmail.com
2026-05-09 14:10:46,869 - INFO -  Login successful: User ronald@gmail.com authenticated.
2026-05-09 14:12:38,452 - WARNING -  Registration failed: Email user@example.com alreadt exists.
2026-05-09 14:12:50,760 - INFO -  Registered Succesfully: User user1@example.com registered
2026-05-10 02:39:57,909 - INFO -  Login attempt initiated for user: string
2026-05-10 02:39:57,914 - WARNING -  Login failed: Invalid credentials for user string
2026-05-10 02:40:15,972 - INFO -  Login attempt initiated for user: ronald@gmail.com
2026-05-10 02:40:16,000 - INFO -  Login successful: User ronald@gmail.com authenticated.
2026-05-10 02:40:51,750 - INFO -  Login attempt initiated for user: ronald@gmail.com
2026-05-10 02:40:51,777 - INFO -  Login successful: User ronald@gmail.com authenticated.
2026-05-10 21:19:38,417 - INFO -  Registered Succesfully: User ronald@gmail.com registered
2026-05-10 21:19:56,791 - INFO -  Login attempt initiated for user: ronald@gmail.com
2026-05-10 21:19:56,818 - INFO -  Login successful: User ronald@gmail.com authenticated.
2026-05-10 21:20:43,515 - INFO -  Login attempt initiated for user: ronald@gmail.com
2026-05-10 21:20:43,542 - INFO -  Login successful: User ronald@gmail.com authenticated.
2026-05-10 21:24:30,539 - INFO -  Login attempt initiated for user: ronald@gmail.com
2026-05-10 21:24:30,567 - INFO -  Login successful: User ronald@gmail.com authenticated.
2026-05-10 22:17:48,433 - INFO -  Login attempt initiated for user: ronald@gmail.com
2026-05-10 22:17:48,462 - INFO -  Login successful: User ronald@gmail.com authenticated.
2026-05-10 22:23:05,013 - INFO -  Login attempt initiated for user: ronald@gmail.com
2026-05-10 22:24:33,169 - INFO -  Login attempt initiated for user: ronald@gmail.com
2026-05-10 22:27:52,085 - INFO -  Login attempt initiated for user: ronald@gmail.com
2026-05-10 22:27:52,115 - INFO -  Login successful: User ronald@gmail.com authenticated.
2026-05-10 22:34:53,142 - INFO -  Login attempt initiated for user: ronald@gmail.com
2026-05-10 22:34:53,171 - INFO -  Login successful: User ronald@gmail.com authenticated.
2026-05-10 23:13:17,335 - INFO -  Login attempt initiated for user: ronald@gmail.com
2026-05-10 23:13:17,365 - INFO -  Login successful: User ronald@gmail.com authenticated.
